
*** Running vivado
    with args -log APUF_CTRL.vds -m64 -product Vivado -mode batch -messageDb vivado.pb -notrace -source APUF_CTRL.tcl


ECHO is off.
ECHO is off.

****** Vivado v2023.1 (64-bit)
  **** SW Build 3865809 on Sun May  7 15:05:29 MDT 2023
  **** IP Build 3864474 on Sun May  7 20:36:21 MDT 2023
  **** SharedData Build 3865790 on Sun May 07 13:33:03 MDT 2023
    ** Copyright 1986-2022 Xilinx, Inc. All Rights Reserved.
    ** Copyright 2022-2023 Advanced Micro Devices, Inc. All Rights Reserved.

source APUF_CTRL.tcl -notrace
create_project: Time (s): cpu = 00:00:07 ; elapsed = 00:00:07 . Memory (MB): peak = 448.871 ; gain = 164.148
Command: synth_design -top APUF_CTRL -part xc7s25csga225-1 -flatten_hierarchy none -directive AlternateRoutability -resource_sharing off -control_set_opt_threshold 0
Starting synth_design
Attempting to get a license for feature 'Synthesis' and/or device 'xc7s25'
INFO: [Common 17-349] Got license for feature 'Synthesis' and/or device 'xc7s25'
INFO: [Device 21-403] Loading part xc7s25csga225-1
INFO: [Synth 8-7079] Multithreading enabled for synth_design using a maximum of 2 processes.
INFO: [Synth 8-7078] Launching helper process for spawning children vivado processes
INFO: [Synth 8-7075] Helper process launched with PID 17084
